2021-03-09 10:04:46,924 INFO o.a.j.u.JMeterUtils: Setting Locale to en_EN
2021-03-09 10:04:47,024 INFO o.a.j.JMeter: Loading user properties from: /usr/local/Cellar/jmeter/5.4.1/libexec/bin/user.properties
2021-03-09 10:04:47,026 INFO o.a.j.JMeter: Loading system properties from: /usr/local/Cellar/jmeter/5.4.1/libexec/bin/system.properties
2021-03-09 10:04:47,050 INFO o.a.j.JMeter: Copyright (c) 1998-2021 The Apache Software Foundation
2021-03-09 10:04:47,051 INFO o.a.j.JMeter: Version 5.4.1
2021-03-09 10:04:47,051 INFO o.a.j.JMeter: java.version=15.0.2
2021-03-09 10:04:47,051 INFO o.a.j.JMeter: java.vm.name=OpenJDK 64-Bit Server VM
2021-03-09 10:04:47,051 INFO o.a.j.JMeter: os.name=Mac OS X
2021-03-09 10:04:47,052 INFO o.a.j.JMeter: os.arch=x86_64
2021-03-09 10:04:47,052 INFO o.a.j.JMeter: os.version=11.2.2
2021-03-09 10:04:47,052 INFO o.a.j.JMeter: file.encoding=UTF-8
2021-03-09 10:04:47,052 INFO o.a.j.JMeter: java.awt.headless=null
2021-03-09 10:04:47,053 INFO o.a.j.JMeter: Max memory     =1073741824
2021-03-09 10:04:47,053 INFO o.a.j.JMeter: Available Processors =4
2021-03-09 10:04:47,078 INFO o.a.j.JMeter: Default Locale=English (EN)
2021-03-09 10:04:47,080 INFO o.a.j.JMeter: JMeter  Locale=English (EN)
2021-03-09 10:04:47,080 INFO o.a.j.JMeter: JMeterHome=/usr/local/Cellar/jmeter/5.4.1/libexec
2021-03-09 10:04:47,081 INFO o.a.j.JMeter: user.dir  =/Users/mnoskoski/Documents/laboratorios/k8s
2021-03-09 10:04:47,082 INFO o.a.j.JMeter: PWD       =/Users/mnoskoski/Documents/laboratorios/k8s
2021-03-09 10:04:47,085 INFO o.a.j.JMeter: IP: 127.0.0.1 Name: mnoskoski-mac.local FullName: localhost
2021-03-09 10:04:48,242 INFO o.a.j.JMeter: Setting LAF to: com.github.weisj.darklaf.DarkLaf:com.github.weisj.darklaf.theme.DarculaTheme
2021-03-09 10:04:51,537 INFO o.a.j.JMeter: Loaded icon properties from org/apache/jmeter/images/icon.properties
2021-03-09 10:04:56,366 INFO o.j.r.JARSourceHTTP: Requesting https://jmeter-plugins.org/repo/?installID=mac_os_x-9f72a48d0aad6ff49fa7cfd8bd199cf5-gui
2021-03-09 10:05:00,154 INFO o.j.r.PluginManager: Plugins Status: [jpgc-plugins-manager=1.6, jmeter-core=5.4.1, jmeter-ftp=5.4.1, jmeter-http=5.4.1, jmeter-jdbc=5.4.1, jmeter-jms=5.4.1, jmeter-junit=5.4.1, jmeter-java=5.4.1, jmeter-ldap=5.4.1, jmeter-mail=5.4.1, jmeter-mongodb=5.4.1, jmeter-native=5.4.1, jmeter-tcp=5.4.1, jmeter-components=5.4.1]
2021-03-09 10:07:19,413 INFO o.a.j.s.FileServer: Default base='/Users/mnoskoski/Documents/laboratorios/k8s'
2021-03-09 10:07:19,449 INFO o.a.j.g.a.Load: Loading file: /Users/mnoskoski/Documents/Istio.jmx
2021-03-09 10:07:19,452 INFO o.a.j.s.FileServer: Set new base='/Users/mnoskoski/Documents'
2021-03-09 10:07:20,163 INFO o.a.j.s.SaveService: Testplan (JMX) version: 2.2. Testlog (JTL) version: 2.2
2021-03-09 10:07:20,266 INFO o.a.j.s.SaveService: Using SaveService properties version 5.0
2021-03-09 10:07:20,272 INFO o.a.j.s.SaveService: Using SaveService properties file encoding UTF-8
2021-03-09 10:07:20,279 INFO o.a.j.s.SaveService: Loading file: /Users/mnoskoski/Documents/Istio.jmx
2021-03-09 10:07:20,841 INFO o.a.j.p.h.s.HTTPSamplerBase: Parser for text/html is org.apache.jmeter.protocol.http.parser.LagartoBasedHtmlParser
2021-03-09 10:07:20,841 INFO o.a.j.p.h.s.HTTPSamplerBase: Parser for application/xhtml+xml is org.apache.jmeter.protocol.http.parser.LagartoBasedHtmlParser
2021-03-09 10:07:20,842 INFO o.a.j.p.h.s.HTTPSamplerBase: Parser for application/xml is org.apache.jmeter.protocol.http.parser.LagartoBasedHtmlParser
2021-03-09 10:07:20,842 INFO o.a.j.p.h.s.HTTPSamplerBase: Parser for text/xml is org.apache.jmeter.protocol.http.parser.LagartoBasedHtmlParser
2021-03-09 10:07:20,842 INFO o.a.j.p.h.s.HTTPSamplerBase: Parser for text/vnd.wap.wml is org.apache.jmeter.protocol.http.parser.RegexpHTMLParser
2021-03-09 10:07:20,843 INFO o.a.j.p.h.s.HTTPSamplerBase: Parser for text/css is org.apache.jmeter.protocol.http.parser.CssParser
2021-03-09 10:07:22,885 INFO o.a.j.s.SampleResult: Note: Sample TimeStamps are START times
2021-03-09 10:07:22,885 INFO o.a.j.s.SampleResult: sampleresult.default.encoding is set to ISO-8859-1
2021-03-09 10:07:22,886 INFO o.a.j.s.SampleResult: sampleresult.useNanoTime=true
2021-03-09 10:07:22,887 INFO o.a.j.s.SampleResult: sampleresult.nanoThreadSleep=5000
2021-03-09 10:07:23,421 INFO o.a.j.v.ViewResultsFullVisualizer: Add JavaFX to your Java installation if you want to use renderer: org.apache.jmeter.visualizers.RenderInBrowser
2021-03-09 10:07:23,642 INFO o.a.j.s.FileServer: Set new base='/Users/mnoskoski/Documents'
2021-03-09 10:07:47,691 INFO o.a.j.e.StandardJMeterEngine: Running the test!
2021-03-09 10:07:47,700 INFO o.a.j.s.SampleEvent: List of sample_variables: []
2021-03-09 10:07:47,700 INFO o.a.j.s.SampleEvent: List of sample_variables: []
2021-03-09 10:07:47,705 INFO o.a.j.e.u.CompoundVariable: Note: Function class names must contain the string: '.functions.'
2021-03-09 10:07:47,706 INFO o.a.j.e.u.CompoundVariable: Note: Function class names must not contain the string: '.gui.'
2021-03-09 10:07:47,895 INFO o.a.j.g.u.JMeterMenuBar: setRunning(true, *local*)
2021-03-09 10:07:48,054 INFO o.a.j.e.StandardJMeterEngine: Starting ThreadGroup: 1 : Istio
2021-03-09 10:07:48,054 INFO o.a.j.e.StandardJMeterEngine: Starting 20 threads for group Istio.
2021-03-09 10:07:48,055 INFO o.a.j.e.StandardJMeterEngine: Thread will continue on error
2021-03-09 10:07:48,055 INFO o.a.j.t.ThreadGroup: Starting thread group... number=1 threads=20 ramp-up=1 delayedStart=false
2021-03-09 10:07:48,067 INFO o.a.j.t.JMeterThread: Thread started: Istio 1-1
2021-03-09 10:07:48,094 INFO o.a.j.p.h.s.HTTPHCAbstractImpl: Local host = mnoskoski-mac.local
2021-03-09 10:07:48,112 INFO o.a.j.p.h.s.HTTPHC4Impl: HTTP request retry count = 0
2021-03-09 10:07:48,122 INFO o.a.j.t.JMeterThread: Thread started: Istio 1-2
2021-03-09 10:07:48,146 INFO o.a.j.t.ThreadGroup: Started thread group number 1
2021-03-09 10:07:48,149 INFO o.a.j.e.StandardJMeterEngine: All thread groups have been started
2021-03-09 10:07:48,167 INFO o.a.j.t.JMeterThread: Thread started: Istio 1-3
2021-03-09 10:07:48,215 INFO o.a.j.t.JMeterThread: Thread started: Istio 1-4
2021-03-09 10:07:48,267 INFO o.a.j.t.JMeterThread: Thread started: Istio 1-5
2021-03-09 10:07:48,316 INFO o.a.j.t.JMeterThread: Thread started: Istio 1-6
2021-03-09 10:07:48,367 INFO o.a.j.t.JMeterThread: Thread started: Istio 1-7
2021-03-09 10:07:48,415 INFO o.a.j.t.JMeterThread: Thread started: Istio 1-8
2021-03-09 10:07:48,469 INFO o.a.j.t.JMeterThread: Thread started: Istio 1-9
2021-03-09 10:07:48,521 INFO o.a.j.t.JMeterThread: Thread started: Istio 1-10
2021-03-09 10:07:48,568 INFO o.a.j.t.JMeterThread: Thread started: Istio 1-11
2021-03-09 10:07:48,614 INFO o.a.j.t.JMeterThread: Thread started: Istio 1-12
2021-03-09 10:07:48,666 INFO o.a.j.t.JMeterThread: Thread started: Istio 1-13
2021-03-09 10:07:48,715 INFO o.a.j.t.JMeterThread: Thread started: Istio 1-14
2021-03-09 10:07:48,766 INFO o.a.j.t.JMeterThread: Thread started: Istio 1-15
2021-03-09 10:07:48,820 INFO o.a.j.t.JMeterThread: Thread started: Istio 1-16
2021-03-09 10:07:48,862 INFO o.a.j.t.JMeterThread: Thread started: Istio 1-17
2021-03-09 10:07:48,916 INFO o.a.j.t.JMeterThread: Thread started: Istio 1-18
2021-03-09 10:07:48,965 INFO o.a.j.t.JMeterThread: Thread started: Istio 1-19
2021-03-09 10:07:49,012 INFO o.a.j.t.JMeterThread: Thread started: Istio 1-20
2021-03-09 10:09:48,161 INFO o.a.j.t.JMeterThread: Stopping because end time detected by thread: Istio 1-15
2021-03-09 10:09:48,167 INFO o.a.j.t.JMeterThread: Thread finished: Istio 1-15
2021-03-09 10:09:48,183 INFO o.a.j.t.JMeterThread: Stopping because end time detected by thread: Istio 1-1
2021-03-09 10:09:48,183 INFO o.a.j.t.JMeterThread: Thread finished: Istio 1-1
2021-03-09 10:09:48,194 INFO o.a.j.t.JMeterThread: Stopping because end time detected by thread: Istio 1-20
2021-03-09 10:09:48,194 INFO o.a.j.t.JMeterThread: Thread finished: Istio 1-20
2021-03-09 10:09:48,199 INFO o.a.j.t.JMeterThread: Stopping because end time detected by thread: Istio 1-6
2021-03-09 10:09:48,199 INFO o.a.j.t.JMeterThread: Stopping because end time detected by thread: Istio 1-3
2021-03-09 10:09:48,200 INFO o.a.j.t.JMeterThread: Thread finished: Istio 1-6
2021-03-09 10:09:48,202 INFO o.a.j.t.JMeterThread: Thread finished: Istio 1-3
2021-03-09 10:09:48,203 INFO o.a.j.t.JMeterThread: Stopping because end time detected by thread: Istio 1-14
2021-03-09 10:09:48,203 INFO o.a.j.t.JMeterThread: Thread finished: Istio 1-14
2021-03-09 10:09:48,206 INFO o.a.j.t.JMeterThread: Stopping because end time detected by thread: Istio 1-17
2021-03-09 10:09:48,206 INFO o.a.j.t.JMeterThread: Thread finished: Istio 1-17
2021-03-09 10:09:48,219 INFO o.a.j.t.JMeterThread: Stopping because end time detected by thread: Istio 1-9
2021-03-09 10:09:48,219 INFO o.a.j.t.JMeterThread: Thread finished: Istio 1-9
2021-03-09 10:09:48,221 INFO o.a.j.t.JMeterThread: Stopping because end time detected by thread: Istio 1-16
2021-03-09 10:09:48,229 INFO o.a.j.t.JMeterThread: Stopping because end time detected by thread: Istio 1-5
2021-03-09 10:09:48,228 INFO o.a.j.t.JMeterThread: Stopping because end time detected by thread: Istio 1-8
2021-03-09 10:09:48,230 INFO o.a.j.t.JMeterThread: Thread finished: Istio 1-16
2021-03-09 10:09:48,232 INFO o.a.j.t.JMeterThread: Thread finished: Istio 1-5
2021-03-09 10:09:48,230 INFO o.a.j.t.JMeterThread: Thread finished: Istio 1-8
2021-03-09 10:09:48,417 INFO o.a.j.t.JMeterThread: Stopping because end time detected by thread: Istio 1-18
2021-03-09 10:09:48,417 INFO o.a.j.t.JMeterThread: Stopping because end time detected by thread: Istio 1-13
2021-03-09 10:09:48,417 INFO o.a.j.t.JMeterThread: Stopping because end time detected by thread: Istio 1-19
2021-03-09 10:09:48,418 INFO o.a.j.t.JMeterThread: Thread finished: Istio 1-13
2021-03-09 10:09:48,418 INFO o.a.j.t.JMeterThread: Stopping because end time detected by thread: Istio 1-11
2021-03-09 10:09:48,418 INFO o.a.j.t.JMeterThread: Thread finished: Istio 1-19
2021-03-09 10:09:48,418 INFO o.a.j.t.JMeterThread: Thread finished: Istio 1-11
2021-03-09 10:09:48,417 INFO o.a.j.t.JMeterThread: Thread finished: Istio 1-18
2021-03-09 10:09:48,419 INFO o.a.j.t.JMeterThread: Stopping because end time detected by thread: Istio 1-2
2021-03-09 10:09:48,417 INFO o.a.j.t.JMeterThread: Stopping because end time detected by thread: Istio 1-4
2021-03-09 10:09:48,420 INFO o.a.j.t.JMeterThread: Thread finished: Istio 1-2
2021-03-09 10:09:48,419 INFO o.a.j.t.JMeterThread: Stopping because end time detected by thread: Istio 1-7
2021-03-09 10:09:48,420 INFO o.a.j.t.JMeterThread: Stopping because end time detected by thread: Istio 1-10
2021-03-09 10:09:48,420 INFO o.a.j.t.JMeterThread: Stopping because end time detected by thread: Istio 1-12
2021-03-09 10:09:48,420 INFO o.a.j.t.JMeterThread: Thread finished: Istio 1-10
2021-03-09 10:09:48,420 INFO o.a.j.t.JMeterThread: Thread finished: Istio 1-4
2021-03-09 10:09:48,420 INFO o.a.j.t.JMeterThread: Thread finished: Istio 1-7
2021-03-09 10:09:48,420 INFO o.a.j.t.JMeterThread: Thread finished: Istio 1-12
2021-03-09 10:09:48,421 INFO o.a.j.e.StandardJMeterEngine: Notifying test listeners of end of test
2021-03-09 10:09:48,422 INFO o.a.j.g.u.JMeterMenuBar: setRunning(false, *local*)
